  Application.cpp
C:\Users\guerr\OneDrive\Documentos\GitHub\Traversed\Racing_car\Application.cpp(28,40): error C2039: 'get': is not a member of 'std::list<Module *,std::allocator<Module *>>'
C:\Users\guerr\OneDrive\Documentos\GitHub\Traversed\Racing_car\Application.h(24): message : see declaration of 'std::list<Module *,std::allocator<Module *>>'
C:\Users\guerr\OneDrive\Documentos\GitHub\Traversed\Racing_car\Application.cpp(30,20): error C2678: binary '!=': no operator found which takes a left-hand operand of type 'std::list<Module,std::allocator<Module>>' (or there is no acceptable conversion)
C:\Program Files (x86)\Windows Kits\10\Include\10.0.19041.0\shared\guiddef.h(197,15): message : could be 'bool operator !=(const GUID &,const GUID &)'
C:\Program Files (x86)\Microsoft Visual Studio\2019\Community\VC\Tools\MSVC\14.29.30133\include\exception(275,28): message : or       'bool std::operator !=(const std::exception_ptr &,const std::exception_ptr &) noexcept' [found using argument-dependent lookup]
C:\Program Files (x86)\Microsoft Visual Studio\2019\Community\VC\Tools\MSVC\14.29.30133\include\exception(279,28): message : or       'bool std::operator !=(std::nullptr_t,const std::exception_ptr &) noexcept' [found using argument-dependent lookup]
C:\Program Files (x86)\Microsoft Visual Studio\2019\Community\VC\Tools\MSVC\14.29.30133\include\exception(283,28): message : or       'bool std::operator !=(const std::exception_ptr &,std::nullptr_t) noexcept' [found using argument-dependent lookup]
C:\Users\guerr\OneDrive\Documentos\GitHub\Traversed\Racing_car\Application.cpp(30,20): message : while trying to match the argument list '(std::list<Module,std::allocator<Module>>, int)'
C:\Users\guerr\OneDrive\Documentos\GitHub\Traversed\Racing_car\Application.cpp(32,14): error C2819: type 'std::list<Module,std::allocator<Module>>' does not have an overloaded member 'operator ->'
C:\Users\guerr\OneDrive\Documentos\GitHub\Traversed\Racing_car\Application.cpp(28): message : see declaration of 'std::list<Module,std::allocator<Module>>'
C:\Users\guerr\OneDrive\Documentos\GitHub\Traversed\Racing_car\Application.cpp(32,14): message : did you intend to use '.' instead?
C:\Users\guerr\OneDrive\Documentos\GitHub\Traversed\Racing_car\Application.cpp(32,16): error C2039: 'data': is not a member of 'std::list<Module,std::allocator<Module>>'
C:\Users\guerr\OneDrive\Documentos\GitHub\Traversed\Racing_car\Application.cpp(28): message : see declaration of 'std::list<Module,std::allocator<Module>>'
C:\Users\guerr\OneDrive\Documentos\GitHub\Traversed\Racing_car\Application.cpp(33,14): error C2819: type 'std::list<Module,std::allocator<Module>>' does not have an overloaded member 'operator ->'
C:\Users\guerr\OneDrive\Documentos\GitHub\Traversed\Racing_car\Application.cpp(28): message : see declaration of 'std::list<Module,std::allocator<Module>>'
C:\Users\guerr\OneDrive\Documentos\GitHub\Traversed\Racing_car\Application.cpp(33,14): message : did you intend to use '.' instead?
C:\Users\guerr\OneDrive\Documentos\GitHub\Traversed\Racing_car\Application.cpp(33,16): error C2039: 'prev': is not a member of 'std::list<Module,std::allocator<Module>>'
C:\Users\guerr\OneDrive\Documentos\GitHub\Traversed\Racing_car\Application.cpp(28): message : see declaration of 'std::list<Module,std::allocator<Module>>'
C:\Users\guerr\OneDrive\Documentos\GitHub\Traversed\Racing_car\Application.cpp(42,2): error C2065: 'p2List_item': undeclared identifier
C:\Users\guerr\OneDrive\Documentos\GitHub\Traversed\Racing_car\Application.cpp(42,21): error C2059: syntax error: '>'
C:\Users\guerr\OneDrive\Documentos\GitHub\Traversed\Racing_car\Application.cpp(44,8): error C2065: 'item': undeclared identifier
C:\Users\guerr\OneDrive\Documentos\GitHub\Traversed\Racing_car\Application.cpp(46,9): error C2065: 'item': undeclared identifier
C:\Users\guerr\OneDrive\Documentos\GitHub\Traversed\Racing_car\Application.cpp(47,3): error C2065: 'item': undeclared identifier
C:\Users\guerr\OneDrive\Documentos\GitHub\Traversed\Racing_car\Application.cpp(47,10): error C2065: 'item': undeclared identifier
C:\Users\guerr\OneDrive\Documentos\GitHub\Traversed\Racing_car\Application.cpp(52,2): error C2065: 'item': undeclared identifier
C:\Users\guerr\OneDrive\Documentos\GitHub\Traversed\Racing_car\Application.cpp(52,22): error C2039: 'getFirst': is not a member of 'std::list<Module *,std::allocator<Module *>>'
C:\Users\guerr\OneDrive\Documentos\GitHub\Traversed\Racing_car\Application.h(24): message : see declaration of 'std::list<Module *,std::allocator<Module *>>'
C:\Users\guerr\OneDrive\Documentos\GitHub\Traversed\Racing_car\Application.cpp(54,8): error C2065: 'item': undeclared identifier
C:\Users\guerr\OneDrive\Documentos\GitHub\Traversed\Racing_car\Application.cpp(56,9): error C2065: 'item': undeclared identifier
C:\Users\guerr\OneDrive\Documentos\GitHub\Traversed\Racing_car\Application.cpp(57,3): error C2065: 'item': undeclared identifier
C:\Users\guerr\OneDrive\Documentos\GitHub\Traversed\Racing_car\Application.cpp(57,10): error C2065: 'item': undeclared identifier
C:\Users\guerr\OneDrive\Documentos\GitHub\Traversed\Racing_car\Application.cpp(82,2): error C2065: 'p2List_item': undeclared identifier
C:\Users\guerr\OneDrive\Documentos\GitHub\Traversed\Racing_car\Application.cpp(82,21): error C2059: syntax error: '>'
C:\Users\guerr\OneDrive\Documentos\GitHub\Traversed\Racing_car\Application.cpp(84,8): error C2065: 'item': undeclared identifier
C:\Users\guerr\OneDrive\Documentos\GitHub\Traversed\Racing_car\Application.cpp(86,9): error C2065: 'item': undeclared identifier
C:\Users\guerr\OneDrive\Documentos\GitHub\Traversed\Racing_car\Application.cpp(87,3): error C2065: 'item': undeclared identifier
C:\Users\guerr\OneDrive\Documentos\GitHub\Traversed\Racing_car\Application.cpp(87,10): error C2065: 'item': undeclared identifier
C:\Users\guerr\OneDrive\Documentos\GitHub\Traversed\Racing_car\Application.cpp(90,2): error C2065: 'item': undeclared identifier
C:\Users\guerr\OneDrive\Documentos\GitHub\Traversed\Racing_car\Application.cpp(90,22): error C2039: 'getFirst': is not a member of 'std::list<Module *,std::allocator<Module *>>'
C:\Users\guerr\OneDrive\Documentos\GitHub\Traversed\Racing_car\Application.h(24): message : see declaration of 'std::list<Module *,std::allocator<Module *>>'
C:\Users\guerr\OneDrive\Documentos\GitHub\Traversed\Racing_car\Application.cpp(92,8): error C2065: 'item': undeclared identifier
C:\Users\guerr\OneDrive\Documentos\GitHub\Traversed\Racing_car\Application.cpp(94,9): error C2065: 'item': undeclared identifier
C:\Users\guerr\OneDrive\Documentos\GitHub\Traversed\Racing_car\Application.cpp(95,3): error C2065: 'item': undeclared identifier
C:\Users\guerr\OneDrive\Documentos\GitHub\Traversed\Racing_car\Application.cpp(95,10): error C2065: 'item': undeclared identifier
C:\Users\guerr\OneDrive\Documentos\GitHub\Traversed\Racing_car\Application.cpp(98,2): error C2065: 'item': undeclared identifier
C:\Users\guerr\OneDrive\Documentos\GitHub\Traversed\Racing_car\Application.cpp(98,22): error C2039: 'getFirst': is not a member of 'std::list<Module *,std::allocator<Module *>>'
C:\Users\guerr\OneDrive\Documentos\GitHub\Traversed\Racing_car\Application.h(24): message : see declaration of 'std::list<Module *,std::allocator<Module *>>'
C:\Users\guerr\OneDrive\Documentos\GitHub\Traversed\Racing_car\Application.cpp(100,8): error C2065: 'item': undeclared identifier
C:\Users\guerr\OneDrive\Documentos\GitHub\Traversed\Racing_car\Application.cpp(102,9): error C2065: 'item': undeclared identifier
C:\Users\guerr\OneDrive\Documentos\GitHub\Traversed\Racing_car\Application.cpp(103,3): error C2065: 'item': undeclared identifier
C:\Users\guerr\OneDrive\Documentos\GitHub\Traversed\Racing_car\Application.cpp(103,10): error C2065: 'item': undeclared identifier
C:\Users\guerr\OneDrive\Documentos\GitHub\Traversed\Racing_car\Application.cpp(113,2): error C2065: 'p2List_item': undeclared identifier
C:\Users\guerr\OneDrive\Documentos\GitHub\Traversed\Racing_car\Application.cpp(113,21): error C2059: syntax error: '>'
C:\Users\guerr\OneDrive\Documentos\GitHub\Traversed\Racing_car\Application.cpp(115,8): error C2065: 'item': undeclared identifier
C:\Users\guerr\OneDrive\Documentos\GitHub\Traversed\Racing_car\Application.cpp(117,9): error C2065: 'item': undeclared identifier
C:\Users\guerr\OneDrive\Documentos\GitHub\Traversed\Racing_car\Application.cpp(118,3): error C2065: 'item': undeclared identifier
C:\Users\guerr\OneDrive\Documentos\GitHub\Traversed\Racing_car\Application.cpp(118,10): error C2065: 'item': undeclared identifier
C:\Users\guerr\OneDrive\Documentos\GitHub\Traversed\Racing_car\Application.cpp(125,15): error C2039: 'add': is not a member of 'std::list<Module *,std::allocator<Module *>>'
C:\Users\guerr\OneDrive\Documentos\GitHub\Traversed\Racing_car\Application.h(24): message : see declaration of 'std::list<Module *,std::allocator<Module *>>'
  ModuleCamera3D.cpp
  Generating Code...
